<?xml version="1.0" encoding="UTF-8"?>
<!-- Generated by org.testng.reporters.JUnitReportReporter -->
<testsuite hostname="PC4155" name="technexus.NewTest" tests="1" failures="0" timestamp="21 Apr 2017 12:03:16 GMT" time="61.982" errors="0">
  <testcase name="setapplication" time="61.982" classname="technexus.NewTest"/>
</testsuite> <!-- technexus.NewTest -->
